# JRE version: OpenJDK Runtime Environment (21.0.7) (build 21.0.7+-13880790-b1038.58)
# Java VM: OpenJDK 64-Bit Server VM (21.0.7+-13880790-b1038.58, mixed mode, tiered, compressed oops, compressed class ptrs, g1 gc, windows-amd64)
GC Precious Log:
 CardTable entry size: 512
 Card Set container configuration: InlinePtr #cards 5 size 8 Array Of Cards #cards 12 size 40 Howl #buckets 4 coarsen threshold 1843 Howl Bitmap #cards 512 size 80 coarsen threshold 460 Card regions per heap region 1 cards per card region 2048
 CPUs: 4 total, 4 available
 Memory: 3445M
 Large Page Support: Disabled
 NUMA Support: Disabled
 Compressed Oops: Enabled (32-bit)
 Heap Region Size: 1M
 Heap Min Capacity: 8M
 Heap Initial Capacity: 54M
 Heap Max Capacity: 2G
 Pre-touch: Disabled
 Parallel Workers: 4
 Concurrent Workers: 1
 Concurrent Refinement Workers: 4
 Periodic GC: Disabled
Heap:
 garbage-first heap   total 55296K, used 21838K [0x0000000080000000, 0x0000000100000000)
  region size 1024K, 3 young (3072K), 2 survivors (2048K)
 Metaspace       used 25779K, committed 26240K, reserved 1114112K
  class space    used 3149K, committed 3392K, reserved 1048576K
GC Heap History (14 events):
Event: 0.870 GC heap before
{Heap before GC invocations=0 (full 0):
 garbage-first heap   total 55296K, used 13312K [0x0000000080000000, 0x0000000100000000)
  region size 1024K, 13 young (13312K), 0 survivors (0K)
 Metaspace       used 7504K, committed 7680K, reserved 1114112K
  class space    used 687K, committed 768K, reserved 1048576K
}
Event: 0.893 GC heap after
{Heap after GC invocations=1 (full 0):
 garbage-first heap   total 55296K, used 1280K [0x0000000080000000, 0x0000000100000000)
  region size 1024K, 2 young (2048K), 2 survivors (2048K)
 Metaspace       used 7504K, committed 7680K, reserved 1114112K
  class space    used 687K, committed 768K, reserved 1048576K
}
Event: 2.817 GC heap before
{Heap before GC invocations=1 (full 0):
 garbage-first heap   total 55296K, used 28928K [0x0000000080000000, 0x0000000100000000)
  region size 1024K, 27 young (27648K), 2 survivors (2048K)
 Metaspace       used 11355K, committed 11520K, reserved 1114112K
  class space    used 1206K, committed 1280K, reserved 1048576K
}
Event: 2.825 GC heap after
{Heap after GC invocations=2 (full 0):
 garbage-first heap   total 55296K, used 10627K [0x0000000080000000, 0x0000000100000000)
  region size 1024K, 4 young (4096K), 4 survivors (4096K)
 Metaspace       used 11355K, committed 11520K, reserved 1114112K
  class space    used 1206K, committed 1280K, reserved 1048576K
}
Event: 3.600 GC heap before
{Heap before GC invocations=2 (full 0):
 garbage-first heap   total 55296K, used 37251K [0x0000000080000000, 0x0000000100000000)
  region size 1024K, 31 young (31744K), 4 survivors (4096K)
 Metaspace       used 12363K, committed 12544K, reserved 1114112K
  class space    used 1318K, committed 1408K, reserved 1048576K
}
Event: 3.606 GC heap after
{Heap after GC invocations=3 (full 0):
 garbage-first heap   total 55296K, used 11421K [0x0000000080000000, 0x0000000100000000)
  region size 1024K, 1 young (1024K), 1 survivors (1024K)
 Metaspace       used 12363K, committed 12544K, reserved 1114112K
  class space    used 1318K, committed 1408K, reserved 1048576K
}
Event: 4.409 GC heap before
{Heap before GC invocations=3 (full 0):
 garbage-first heap   total 55296K, used 43165K [0x0000000080000000, 0x0000000100000000)
  region size 1024K, 30 young (30720K), 1 survivors (1024K)
 Metaspace       used 12420K, committed 12608K, reserved 1114112K
  class space    used 1319K, committed 1408K, reserved 1048576K
}
Event: 4.413 GC heap after
{Heap after GC invocations=4 (full 0):
 garbage-first heap   total 55296K, used 16187K [0x0000000080000000, 0x0000000100000000)
  region size 1024K, 4 young (4096K), 4 survivors (4096K)
 Metaspace       used 12420K, committed 12608K, reserved 1114112K
  class space    used 1319K, committed 1408K, reserved 1048576K
}
Event: 12.265 GC heap before
{Heap before GC invocations=4 (full 0):
 garbage-first heap   total 55296K, used 42811K [0x0000000080000000, 0x0000000100000000)
  region size 1024K, 30 young (30720K), 4 survivors (4096K)
 Metaspace       used 20027K, committed 20352K, reserved 1114112K
  class space    used 2303K, committed 2432K, reserved 1048576K
}
Event: 12.296 GC heap after
{Heap after GC invocations=5 (full 0):
 garbage-first heap   total 55296K, used 20114K [0x0000000080000000, 0x0000000100000000)
  region size 1024K, 4 young (4096K), 4 survivors (4096K)
 Metaspace       used 20027K, committed 20352K, reserved 1114112K
  class space    used 2303K, committed 2432K, reserved 1048576K
}
Event: 13.486 GC heap before
{Heap before GC invocations=5 (full 0):
 garbage-first heap   total 55296K, used 26258K [0x0000000080000000, 0x0000000100000000)
  region size 1024K, 11 young (11264K), 4 survivors (4096K)
 Metaspace       used 21222K, committed 21504K, reserved 1114112K
  class space    used 2479K, committed 2624K, reserved 1048576K
}
Event: 13.492 GC heap after
{Heap after GC invocations=6 (full 0):
 garbage-first heap   total 55296K, used 20939K [0x0000000080000000, 0x0000000100000000)
  region size 1024K, 1 young (1024K), 1 survivors (1024K)
 Metaspace       used 21222K, committed 21504K, reserved 1114112K
  class space    used 2479K, committed 2624K, reserved 1048576K
}
Event: 15.785 GC heap before
{Heap before GC invocations=7 (full 0):
 garbage-first heap   total 55296K, used 43467K [0x0000000080000000, 0x0000000100000000)
  region size 1024K, 24 young (24576K), 1 survivors (1024K)
 Metaspace       used 25647K, committed 26112K, reserved 1114112K
  class space    used 3125K, committed 3328K, reserved 1048576K
}
Event: 15.788 GC heap after
{Heap after GC invocations=8 (full 0):
 garbage-first heap   total 55296K, used 21838K [0x0000000080000000, 0x0000000100000000)
  region size 1024K, 2 young (2048K), 2 survivors (2048K)
 Metaspace       used 25647K, committed 26112K, reserved 1114112K
  class space    used 3125K, committed 3328K, reserved 1048576K
}

